0 verbose cli /usr/local/nvm/versions/node/v24.12.0/bin/node /usr/local/nvm/versions/node/v24.12.0/bin/npm
0 verbose cli /usr/local/nvm/versions/node/v24.12.0/bin/node /usr/local/nvm/versions/node/v24.12.0/bin/npm
1 info using npm@11.7.0
1 info using npm@11.7.0
2 info using node@v24.12.0
2 info using node@v24.12.0
3 silly config load:file:/usr/local/nvm/versions/node/v24.12.0/lib/node_modules/npm/npmrc
3 silly config load:file:/usr/local/nvm/versions/node/v24.12.0/lib/node_modules/npm/npmrc
4 silly config load:file:/home/simofeddoul10/.npmrc
4 silly config load:file:/home/simofeddoul10/.npmrc
5 silly config load:file:/usr/local/nvm/versions/node/v24.12.0/etc/npmrc
5 silly config load:file:/usr/local/nvm/versions/node/v24.12.0/etc/npmrc
6 verbose title npm config get prefix
6 verbose title npm config get prefix
7 verbose argv "config" "--loglevel" "warn" "get" "prefix"
7 verbose argv "config" "--loglevel" "warn" "get" "prefix"
8 verbose logfile logs-max:10 dir:/home/simofeddoul10/.npm/_logs/2026-02-01T07_47_39_004Z-
8 verbose logfile logs-max:10 dir:/home/simofeddoul10/.npm/_logs/2026-02-01T07_47_39_004Z-
9 verbose logfile /home/simofeddoul10/.npm/_logs/2026-02-01T07_47_39_004Z-debug-0.log
9 verbose logfile /home/simofeddoul10/.npm/_logs/2026-02-01T07_47_39_004Z-debug-0.log
10 verbose cwd /home/simofeddoul10
11 verbose os Linux 6.6.111+
10 verbose cwd /home/simofeddoul10
12 verbose node v24.12.0
13 verbose npm  v11.7.0
11 verbose os Linux 6.6.111+
14 verbose exit 0
15 info ok
12 verbose node v24.12.0
13 verbose npm  v11.7.0
14 verbose exit 0
15 info ok
